#
# There is insufficient memory for the Java Runtime Environment to continue.
# Native memory allocation (malloc) failed to allocate 25690112 bytes for committing reserved memory.
# Possible reasons:
#   The system is out of physical RAM or swap space
#   In 32 bit mode, the process size limit was hit
# Possible solutions:
#   Reduce memory load on the system
#   Increase physical memory or swap space
#   Check if swap backing store is full
#   Use 64 bit Java on a 64 bit OS
#   Decrease Java heap size (-Xmx/-Xms)
#   Decrease number of Java threads
#   Decrease Java thread stack sizes (-Xss)
#   Set larger code cache with -XX:ReservedCodeCacheSize=
# This output file may be truncated or incomplete.
#
#  Out of Memory Error (os_linux.cpp:2756), pid=18661, tid=139900579591936
#
# JRE version: Java(TM) SE Runtime Environment (7.0_80-b15) (build 1.7.0_80-b15)
# Java VM: Java HotSpot(TM) 64-Bit Server VM (24.80-b11 mixed mode linux-amd64 compressed oops)
# Failed to write core dump. Core dumps have been disabled. To enable core dumping, try "ulimit -c unlimited" before starting Java again
#

---------------  T H R E A D  ---------------

Current thread (0x00007f3d20066000):  VMThread [stack: 0x00007f3d2449b000,0x00007f3d2459c000] [id=18668]

Stack: [0x00007f3d2449b000,0x00007f3d2459c000],  sp=0x00007f3d24599fc0,  free space=1019k
Native frames: (J=compiled Java code, j=interpreted, Vv=VM code, C=native code)
V  [libjvm.so+0x9a320a]  VMError::report_and_die()+0x2ea
V  [libjvm.so+0x498d3b]  report_vm_out_of_memory(char const*, int, unsigned long, char const*)+0x9b
V  [libjvm.so+0x82191e]  os::Linux::commit_memory_impl(char*, unsigned long, bool)+0xfe
V  [libjvm.so+0x821e69]  os::pd_commit_memory(char*, unsigned long, unsigned long, bool)+0x29
V  [libjvm.so+0x81bb6a]  os::commit_memory(char*, unsigned long, unsigned long, bool)+0x2a
V  [libjvm.so+0x88d623]  PSVirtualSpace::expand_by(unsigned long)+0x53
V  [libjvm.so+0x88e9f8]  PSYoungGen::resize_generation(unsigned long, unsigned long)+0xf8
V  [libjvm.so+0x88db62]  PSYoungGen::resize(unsigned long, unsigned long)+0x22
V  [libjvm.so+0x88af1d]  PSScavenge::invoke_no_policy()+0xf3d
V  [libjvm.so+0x88b761]  PSScavenge::invoke()+0x41
V  [libjvm.so+0x843f40]  ParallelScavengeHeap::failed_mem_allocate(unsigned long)+0x70
V  [libjvm.so+0x9a4a97]  VM_ParallelGCFailedAllocation::doit()+0x97
V  [libjvm.so+0x9abf35]  VM_Operation::evaluate()+0x55
V  [libjvm.so+0x9aa2fa]  VMThread::evaluate_operation(VM_Operation*)+0xba
V  [libjvm.so+0x9aa67e]  VMThread::loop()+0x1ce
V  [libjvm.so+0x9aaaf0]  VMThread::run()+0x70
V  [libjvm.so+0x8238c8]  java_start(Thread*)+0x108

VM_Operation (0x00007f3d287f61b0): ParallelGCFailedAllocation, mode: safepoint, requested by thread 0x00007f3d2000a800


---------------  P R O C E S S  ---------------

Java Threads: ( => current thread )
  0x00007f3d20096000 JavaThread "Service Thread" daemon [_thread_blocked, id=18674, stack(0x00007f3d1c71b000,0x00007f3d1c81c000)]
  0x00007f3d20093800 JavaThread "C2 CompilerThread1" daemon [_thread_blocked, id=18673, stack(0x00007f3d1c81c000,0x00007f3d1c91d000)]
  0x00007f3d20091000 JavaThread "C2 CompilerThread0" daemon [_thread_blocked, id=18672, stack(0x00007f3d24097000,0x00007f3d24198000)]
  0x00007f3d2008e800 JavaThread "Signal Dispatcher" daemon [_thread_blocked, id=18671, stack(0x00007f3d24198000,0x00007f3d24299000)]
  0x00007f3d2006c800 JavaThread "Finalizer" daemon [_thread_blocked, id=18670, stack(0x00007f3d24299000,0x00007f3d2439a000)]
  0x00007f3d2006a800 JavaThread "Reference Handler" daemon [_thread_blocked, id=18669, stack(0x00007f3d2439a000,0x00007f3d2449b000)]
  0x00007f3d2000a800 JavaThread "main" [_thread_blocked, id=18665, stack(0x00007f3d286f7000,0x00007f3d287f8000)]

Other Threads:
=>0x00007f3d20066000 VMThread [stack: 0x00007f3d2449b000,0x00007f3d2459c000] [id=18668]
  0x00007f3d20099000 WatcherThread [stack: 0x00007f3d1c61a000,0x00007f3d1c71b000] [id=18675]

VM state:at safepoint (normal execution)

VM Mutex/Monitor currently owned by a thread:  ([mutex/lock_event])
[0x00007f3d20006ec0] Threads_lock - owner thread: 0x00007f3d20066000
[0x00007f3d200073c0] Heap_lock - owner thread: 0x00007f3d2000a800

Heap
 PSYoungGen      total 28672K, used 3577K [0x00000000eaa80000, 0x00000000eca00000, 0x0000000100000000)
  eden space 25088K, 0% used [0x00000000eaa80000,0x00000000eaa80000,0x00000000ec300000)
  from space 3584K, 99% used [0x00000000ec300000,0x00000000ec67e618,0x00000000ec680000)
  to   space 3584K, 0% used [0x00000000ec680000,0x00000000ec680000,0x00000000eca00000)
 ParOldGen       total 63488K, used 2872K [0x00000000c0000000, 0x00000000c3e00000, 0x00000000eaa80000)
  object space 63488K, 4% used [0x00000000c0000000,0x00000000c02ce2b8,0x00000000c3e00000)
 PSPermGen       total 21504K, used 3945K [0x00000000bae00000, 0x00000000bc300000, 0x00000000c0000000)
  object space 21504K, 18% used [0x00000000bae00000,0x00000000bb1da420,0x00000000bc300000)

Card table byte_map: [0x00007f3d257b6000,0x00007f3d259e0000] byte_map_base: 0x00007f3d251df000

Polling page: 0x00007f3d28810000

Code Cache  [0x00007f3d1d000000, 0x00007f3d1d270000, 0x00007f3d20000000)
 total_blobs=354 nmethods=143 adapters=164 free_code_cache=48496Kb largest_free_block=49621632

Compilation events (10 events):
Event: 2,263 Thread 0x00007f3d20091000 nmethod 139 0x00007f3d1d0a1b10 code [0x00007f3d1d0a1c60, 0x00007f3d1d0a1cf8]
Event: 2,264 Thread 0x00007f3d20093800 nmethod 134% 0x00007f3d1d0a1dd0 code [0x00007f3d1d0a2060, 0x00007f3d1d0a35a8]
Event: 2,271 Thread 0x00007f3d20091000  141             java.util.Arrays::copyOf (47 bytes)
Event: 2,273 Thread 0x00007f3d20091000 nmethod 141 0x00007f3d1d073090 code [0x00007f3d1d0731e0, 0x00007f3d1d073358]
Event: 2,273 Thread 0x00007f3d20091000  142             java.util.Arrays::copyOf (13 bytes)
Event: 2,274 Thread 0x00007f3d20091000 nmethod 142 0x00007f3d1d072cd0 code [0x00007f3d1d072e20, 0x00007f3d1d072fb8]
Event: 2,279 Thread 0x00007f3d20091000  143             com.android.dex.ProtoId::<init> (26 bytes)
Event: 2,280 Thread 0x00007f3d20091000 nmethod 143 0x00007f3d1d072ad0 code [0x00007f3d1d072c00, 0x00007f3d1d072c78]
Event: 2,305 Thread 0x00007f3d20091000  144             com.android.dx.merge.DexMerger$IdMerger::mergeSorted (382 bytes)
Event: 2,358 Thread 0x00007f3d20091000 nmethod 144 0x00007f3d1d0a8cd0 code [0x00007f3d1d0a9000, 0x00007f3d1d0aad70]

GC Heap History (1 events):
Event: 2,527 GC heap before
{Heap before GC invocations=1 (full 0):
 PSYoungGen      total 28672K, used 25088K [0x00000000eaa80000, 0x00000000eca00000, 0x0000000100000000)
  eden space 25088K, 100% used [0x00000000eaa80000,0x00000000ec300000,0x00000000ec300000)
  from space 3584K, 0% used [0x00000000ec680000,0x00000000ec680000,0x00000000eca00000)
  to   space 3584K, 0% used [0x00000000ec300000,0x00000000ec300000,0x00000000ec680000)
 ParOldGen       total 63488K, used 0K [0x00000000c0000000, 0x00000000c3e00000, 0x00000000eaa80000)
  object space 63488K, 0% used [0x00000000c0000000,0x00000000c0000000,0x00000000c3e00000)
 PSPermGen       total 21504K, used 3945K [0x00000000bae00000, 0x00000000bc300000, 0x00000000c0000000)
  object space 21504K, 18% used [0x00000000bae00000,0x00000000bb1da420,0x00000000bc300000)

Deoptimization events (10 events):
Event: 2,020 Thread 0x00007f3d2000a800 Uncommon trap: reason=unstable_if action=reinterpret pc=0x00007f3d1d076c78 method=java.util.ArrayList.grow(I)V @ 15
Event: 2,020 Thread 0x00007f3d2000a800 Uncommon trap: reason=unstable_if action=reinterpret pc=0x00007f3d1d075c14 method=java.util.ArrayList.grow(I)V @ 15
Event: 2,126 Thread 0x00007f3d2000a800 Uncommon trap: reason=predicate action=maybe_recompile pc=0x00007f3d1d094580 method=java.util.TreeMap.getEntry(Ljava/lang/Object;)Ljava/util/TreeMap$Entry; @ 39
Event: 2,126 Thread 0x00007f3d2000a800 Uncommon trap: reason=predicate action=maybe_recompile pc=0x00007f3d1d08ee30 method=java.util.TreeMap.put(Ljava/lang/Object;Ljava/lang/Object;)Ljava/lang/Object; @ 132
Event: 2,126 Thread 0x00007f3d2000a800 Uncommon trap: reason=predicate action=maybe_recompile pc=0x00007f3d1d08d03c method=java.util.TreeMap.getEntry(Ljava/lang/Object;)Ljava/util/TreeMap$Entry; @ 39
Event: 2,143 Thread 0x00007f3d2000a800 Uncommon trap: reason=bimorphic action=maybe_recompile pc=0x00007f3d1d09b5b4 method=com.android.dx.merge.DexMerger$IdMerger.mergeSorted()V @ 286
Event: 2,161 Thread 0x00007f3d2000a800 Uncommon trap: reason=bimorphic action=maybe_recompile pc=0x00007f3d1d09b5d4 method=com.android.dx.merge.DexMerger$IdMerger.mergeSorted()V @ 356
Event: 2,271 Thread 0x00007f3d2000a800 Uncommon trap: reason=bimorphic action=maybe_recompile pc=0x00007f3d1d09b5b4 method=com.android.dx.merge.DexMerger$IdMerger.mergeSorted()V @ 286
Event: 2,279 Thread 0x00007f3d2000a800 Uncommon trap: reason=bimorphic action=maybe_recompile pc=0x00007f3d1d0a31f0 method=com.android.dx.merge.DexMerger$IdMerger.mergeSorted()V @ 373
Event: 2,417 Thread 0x00007f3d2000a800 Uncommon trap: reason=bimorphic action=maybe_recompile pc=0x00007f3d1d09b5b4 method=com.android.dx.merge.DexMerger$IdMerger.mergeSorted()V @ 286

Internal exceptions (10 events):
Event: 1,424 Thread 0x00007f3d2000a800 Threw 0x00000000eb869b98 at /HUDSON/workspace/7u-2-build-linux-amd64/jdk7u80/2329/hotspot/src/share/vm/prims/jvm.cpp:1319
Event: 1,911 Thread 0x00007f3d2000a800 Threw 0x00000000ec08b078 at /HUDSON/workspace/7u-2-build-linux-amd64/jdk7u80/2329/hotspot/src/share/vm/prims/jvm.cpp:1319
Event: 2,013 Thread 0x00007f3d2000a800 Threw 0x00000000ec110db8 at /HUDSON/workspace/7u-2-build-linux-amd64/jdk7u80/2329/hotspot/src/share/vm/prims/jvm.cpp:1319
Event: 2,019 Thread 0x00007f3d2000a800 Threw 0x00000000ec113ec0 at /HUDSON/workspace/7u-2-build-linux-amd64/jdk7u80/2329/hotspot/src/share/vm/prims/jvm.cpp:1319
Event: 2,019 Thread 0x00007f3d2000a800 Threw 0x00000000ec116fd0 at /HUDSON/workspace/7u-2-build-linux-amd64/jdk7u80/2329/hotspot/src/share/vm/prims/jvm.cpp:1319
Event: 2,042 Thread 0x00007f3d2000a800 Threw 0x00000000ec1992b0 at /HUDSON/workspace/7u-2-build-linux-amd64/jdk7u80/2329/hotspot/src/share/vm/prims/jvm.cpp:1319
Event: 2,118 Thread 0x00007f3d2000a800 Threw 0x00000000ec1d74f0 at /HUDSON/workspace/7u-2-build-linux-amd64/jdk7u80/2329/hotspot/src/share/vm/prims/jvm.cpp:1319
Event: 2,118 Thread 0x00007f3d2000a800 Threw 0x00000000ec1da940 at /HUDSON/workspace/7u-2-build-linux-amd64/jdk7u80/2329/hotspot/src/share/vm/prims/jvm.cpp:1319
Event: 2,279 Thread 0x00007f3d2000a800 Threw 0x00000000ec2e17b0 at /HUDSON/workspace/7u-2-build-linux-amd64/jdk7u80/2329/hotspot/src/share/vm/prims/jvm.cpp:1319
Event: 2,306 Thread 0x00007f3d2000a800 Threw 0x00000000ec2e4c00 at /HUDSON/workspace/7u-2-build-linux-amd64/jdk7u80/2329/hotspot/src/share/vm/prims/jvm.cpp:1319

Events (10 events):
Event: 2,279 Thread 0x00007f3d2000a800 DEOPT PACKING pc=0x00007f3d1d0a31f0 sp=0x00007f3d287f6580
Event: 2,279 Thread 0x00007f3d2000a800 DEOPT UNPACKING pc=0x00007f3d1d039445 sp=0x00007f3d287f65a8 mode 2
Event: 2,279 loading class 0x00007f3d2011df50
Event: 2,279 loading class 0x00007f3d2011df50 done
Event: 2,306 loading class 0x00007f3d201154d0
Event: 2,306 loading class 0x00007f3d201154d0 done
Event: 2,417 Thread 0x00007f3d2000a800 Uncommon trap: trap_request=0xffffffc6 fr.pc=0x00007f3d1d09b5b4
Event: 2,417 Thread 0x00007f3d2000a800 DEOPT PACKING pc=0x00007f3d1d09b5b4 sp=0x00007f3d287f65b0
Event: 2,417 Thread 0x00007f3d2000a800 DEOPT UNPACKING pc=0x00007f3d1d039445 sp=0x00007f3d287f6590 mode 2
Event: 2,522 Executing VM operation: ParallelGCFailedAllocation


Dynamic libraries:
00400000-00401000 r-xp 00000000 fc:00 409313                             /usr/lib/jvm/java-7-oracle/bin/java
00600000-00601000 rw-p 00000000 fc:00 409313                             /usr/lib/jvm/java-7-oracle/bin/java
01c50000-01c71000 rw-p 00000000 00:00 0                                  [heap]
bae00000-bc300000 rw-p 00000000 00:00 0 
bc300000-c0000000 rw-p 00000000 00:00 0 
c0000000-c3e00000 rw-p 00000000 00:00 0 
c3e00000-eaa80000 rw-p 00000000 00:00 0 
eaa80000-eca00000 rw-p 00000000 00:00 0 
ee280000-100000000 rw-p 00000000 00:00 0 
7f3cec000000-7f3cec021000 rw-p 00000000 00:00 0 
7f3cec021000-7f3cf0000000 ---p 00000000 00:00 0 
7f3cf4000000-7f3cf4586000 rw-p 00000000 00:00 0 
7f3cf4586000-7f3cf8000000 ---p 00000000 00:00 0 
7f3cf8000000-7f3cf8021000 rw-p 00000000 00:00 0 
7f3cf8021000-7f3cfc000000 ---p 00000000 00:00 0 
7f3cfc000000-7f3cfc021000 rw-p 00000000 00:00 0 
7f3cfc021000-7f3d00000000 ---p 00000000 00:00 0 
7f3d00000000-7f3d0041d000 rw-p 00000000 00:00 0 
7f3d0041d000-7f3d04000000 ---p 00000000 00:00 0 
7f3d04000000-7f3d04021000 rw-p 00000000 00:00 0 
7f3d04021000-7f3d08000000 ---p 00000000 00:00 0 
7f3d08000000-7f3d08021000 rw-p 00000000 00:00 0 
7f3d08021000-7f3d0c000000 ---p 00000000 00:00 0 
7f3d0c000000-7f3d0c021000 rw-p 00000000 00:00 0 
7f3d0c021000-7f3d10000000 ---p 00000000 00:00 0 
7f3d10000000-7f3d10021000 rw-p 00000000 00:00 0 
7f3d10021000-7f3d14000000 ---p 00000000 00:00 0 
7f3d15c03000-7f3d18000000 rw-p 00000000 00:00 0 
7f3d18000000-7f3d18021000 rw-p 00000000 00:00 0 
7f3d18021000-7f3d1c000000 ---p 00000000 00:00 0 
7f3d1c116000-7f3d1c1f2000 rw-p 00000000 00:00 0 
7f3d1c1f2000-7f3d1c209000 r-xp 00000000 fc:00 669088                     /usr/lib/jvm/java-7-oracle/jre/lib/amd64/libnet.so
7f3d1c209000-7f3d1c408000 ---p 00017000 fc:00 669088                     /usr/lib/jvm/java-7-oracle/jre/lib/amd64/libnet.so
7f3d1c408000-7f3d1c409000 rw-p 00016000 fc:00 669088                     /usr/lib/jvm/java-7-oracle/jre/lib/amd64/libnet.so
7f3d1c409000-7f3d1c419000 r-xp 00000000 fc:00 669099                     /usr/lib/jvm/java-7-oracle/jre/lib/amd64/libnio.so
7f3d1c419000-7f3d1c619000 ---p 00010000 fc:00 669099                     /usr/lib/jvm/java-7-oracle/jre/lib/amd64/libnio.so
7f3d1c619000-7f3d1c61a000 rw-p 00010000 fc:00 669099                     /usr/lib/jvm/java-7-oracle/jre/lib/amd64/libnio.so
7f3d1c61a000-7f3d1c61b000 ---p 00000000 00:00 0 
7f3d1c61b000-7f3d1c71b000 rw-p 00000000 00:00 0                          [stack:18675]
7f3d1c71b000-7f3d1c71e000 ---p 00000000 00:00 0 
7f3d1c71e000-7f3d1c81c000 rw-p 00000000 00:00 0                          [stack:18674]
7f3d1c81c000-7f3d1c81f000 ---p 00000000 00:00 0 
7f3d1c81f000-7f3d1c91d000 rw-p 00000000 00:00 0                          [stack:18673]
7f3d1c91d000-7f3d1d000000 r--p 00000000 fc:00 269865                     /usr/lib/locale/locale-archive
7f3d1d000000-7f3d1d270000 rwxp 00000000 00:00 0 
7f3d1d270000-7f3d20133000 rw-p 00000000 00:00 0 
7f3d20133000-7f3d24000000 ---p 00000000 00:00 0 
7f3d24057000-7f3d24088000 rw-p 00000000 00:00 0 
7f3d24088000-7f3d24097000 r--s 000df000 fc:00 1208613                    /home/groupe-efrei/Android/Sdk/build-tools/23.0.2/lib/dx.jar
7f3d24097000-7f3d2409a000 ---p 00000000 00:00 0 
7f3d2409a000-7f3d24198000 rw-p 00000000 00:00 0                          [stack:18672]
7f3d24198000-7f3d2419b000 ---p 00000000 00:00 0 
7f3d2419b000-7f3d24299000 rw-p 00000000 00:00 0                          [stack:18671]
7f3d24299000-7f3d2429c000 ---p 00000000 00:00 0 
7f3d2429c000-7f3d2439a000 rw-p 00000000 00:00 0                          [stack:18670]
7f3d2439a000-7f3d2439d000 ---p 00000000 00:00 0 
7f3d2439d000-7f3d2449b000 rw-p 00000000 00:00 0                          [stack:18669]
7f3d2449b000-7f3d2449c000 ---p 00000000 00:00 0 
7f3d2449c000-7f3d24f53000 rw-p 00000000 00:00 0                          [stack:18668]
7f3d24f53000-7f3d25113000 r--s 039fb000 fc:00 539271                     /usr/lib/jvm/java-7-oracle/jre/lib/rt.jar
7f3d25113000-7f3d25435000 rw-p 00000000 00:00 0 
7f3d25435000-7f3d25436000 ---p 00000000 00:00 0 
7f3d25436000-7f3d25536000 rw-p 00000000 00:00 0                          [stack:18667]
7f3d25536000-7f3d25537000 ---p 00000000 00:00 0 
7f3d25537000-7f3d25642000 rw-p 00000000 00:00 0                          [stack:18666]
7f3d25642000-7f3d25660000 rw-p 00000000 00:00 0 
7f3d25660000-7f3d2567f000 rw-p 00000000 00:00 0 
7f3d2567f000-7f3d257b6000 rw-p 00000000 00:00 0 
7f3d257b6000-7f3d257c1000 rw-p 00000000 00:00 0 
7f3d257c1000-7f3d257df000 rw-p 00000000 00:00 0 
7f3d257df000-7f3d257fe000 rw-p 00000000 00:00 0 
7f3d257fe000-7f3d25934000 rw-p 00000000 00:00 0 
7f3d25934000-7f3d25944000 rw-p 00000000 00:00 0 
7f3d25944000-7f3d259df000 rw-p 00000000 00:00 0 
7f3d259df000-7f3d259e0000 rw-p 00000000 00:00 0 
7f3d259e0000-7f3d259f7000 r-xp 00000000 fc:00 669064                     /usr/lib/jvm/java-7-oracle/jre/lib/amd64/libzip.so
7f3d259f7000-7f3d25bf7000 ---p 00017000 fc:00 669064                     /usr/lib/jvm/java-7-oracle/jre/lib/amd64/libzip.so
7f3d25bf7000-7f3d25bf8000 rw-p 00017000 fc:00 669064                     /usr/lib/jvm/java-7-oracle/jre/lib/amd64/libzip.so
7f3d25bf8000-7f3d25c03000 r-xp 00000000 fc:00 1962343                    /lib/x86_64-linux-gnu/libnss_files-2.19.so
7f3d25c03000-7f3d25e02000 ---p 0000b000 fc:00 1962343                    /lib/x86_64-linux-gnu/libnss_files-2.19.so
7f3d25e02000-7f3d25e03000 r--p 0000a000 fc:00 1962343                    /lib/x86_64-linux-gnu/libnss_files-2.19.so
7f3d25e03000-7f3d25e04000 rw-p 0000b000 fc:00 1962343                    /lib/x86_64-linux-gnu/libnss_files-2.19.so
7f3d25e04000-7f3d25e0f000 r-xp 00000000 fc:00 1966710                    /lib/x86_64-linux-gnu/libnss_nis-2.19.so
7f3d25e0f000-7f3d2600e000 ---p 0000b000 fc:00 1966710                    /lib/x86_64-linux-gnu/libnss_nis-2.19.so
7f3d2600e000-7f3d2600f000 r--p 0000a000 fc:00 1966710                    /lib/x86_64-linux-gnu/libnss_nis-2.19.so
7f3d2600f000-7f3d26010000 rw-p 0000b000 fc:00 1966710                    /lib/x86_64-linux-gnu/libnss_nis-2.19.so
7f3d26010000-7f3d26027000 r-xp 00000000 fc:00 1963224                    /lib/x86_64-linux-gnu/libnsl-2.19.so
7f3d26027000-7f3d26226000 ---p 00017000 fc:00 1963224                    /lib/x86_64-linux-gnu/libnsl-2.19.so
7f3d26226000-7f3d26227000 r--p 00016000 fc:00 1963224                    /lib/x86_64-linux-gnu/libnsl-2.19.so
7f3d26227000-7f3d26228000 rw-p 00017000 fc:00 1963224                    /lib/x86_64-linux-gnu/libnsl-2.19.so
7f3d26228000-7f3d2622a000 rw-p 00000000 00:00 0 
7f3d2622a000-7f3d26233000 r-xp 00000000 fc:00 1963223                    /lib/x86_64-linux-gnu/libnss_compat-2.19.so
7f3d26233000-7f3d26432000 ---p 00009000 fc:00 1963223                    /lib/x86_64-linux-gnu/libnss_compat-2.19.so
7f3d26432000-7f3d26433000 r--p 00008000 fc:00 1963223                    /lib/x86_64-linux-gnu/libnss_compat-2.19.so
7f3d26433000-7f3d26434000 rw-p 00009000 fc:00 1963223                    /lib/x86_64-linux-gnu/libnss_compat-2.19.so
7f3d26434000-7f3d2645d000 r-xp 00000000 fc:00 669107                     /usr/lib/jvm/java-7-oracle/jre/lib/amd64/libjava.so
7f3d2645d000-7f3d2665d000 ---p 00029000 fc:00 669107                     /usr/lib/jvm/java-7-oracle/jre/lib/amd64/libjava.so
7f3d2665d000-7f3d2665f000 rw-p 00029000 fc:00 669107                     /usr/lib/jvm/java-7-oracle/jre/lib/amd64/libjava.so
7f3d2665f000-7f3d2666c000 r-xp 00000000 fc:00 669097                     /usr/lib/jvm/java-7-oracle/jre/lib/amd64/libverify.so
7f3d2666c000-7f3d2686b000 ---p 0000d000 fc:00 669097                     /usr/lib/jvm/java-7-oracle/jre/lib/amd64/libverify.so
7f3d2686b000-7f3d2686d000 rw-p 0000c000 fc:00 669097                     /usr/lib/jvm/java-7-oracle/jre/lib/amd64/libverify.so
7f3d2686d000-7f3d26874000 r-xp 00000000 fc:00 1966707                    /lib/x86_64-linux-gnu/librt-2.19.so
7f3d26874000-7f3d26a73000 ---p 00007000 fc:00 1966707                    /lib/x86_64-linux-gnu/librt-2.19.so
7f3d26a73000-7f3d26a74000 r--p 00006000 fc:00 1966707                    /lib/x86_64-linux-gnu/librt-2.19.so
7f3d26a74000-7f3d26a75000 rw-p 00007000 fc:00 1966707                    /lib/x86_64-linux-gnu/librt-2.19.so
7f3d26a75000-7f3d26b7a000 r-xp 00000000 fc:00 1962342                    /lib/x86_64-linux-gnu/libm-2.19.so
7f3d26b7a000-7f3d26d79000 ---p 00105000 fc:00 1962342                    /lib/x86_64-linux-gnu/libm-2.19.so
7f3d26d79000-7f3d26d7a000 r--p 00104000 fc:00 1962342                    /lib/x86_64-linux-gnu/libm-2.19.so
7f3d26d7a000-7f3d26d7b000 rw-p 00105000 fc:00 1962342                    /lib/x86_64-linux-gnu/libm-2.19.so
7f3d26d7b000-7f3d278f1000 r-xp 00000000 fc:00 804896                     /usr/lib/jvm/java-7-oracle/jre/lib/amd64/server/libjvm.so
7f3d278f1000-7f3d27af0000 ---p 00b76000 fc:00 804896                     /usr/lib/jvm/java-7-oracle/jre/lib/amd64/server/libjvm.so
7f3d27af0000-7f3d27bb4000 rw-p 00b75000 fc:00 804896                     /usr/lib/jvm/java-7-oracle/jre/lib/amd64/server/libjvm.so
7f3d27bb4000-7f3d27bf5000 rw-p 00000000 00:00 0 
7f3d27bf5000-7f3d27db0000 r-xp 00000000 fc:00 1966704                    /lib/x86_64-linux-gnu/libc-2.19.so
7f3d27db0000-7f3d27faf000 ---p 001bb000 fc:00 1966704                    /lib/x86_64-linux-gnu/libc-2.19.so
7f3d27faf000-7f3d27fb3000 r--p 001ba000 fc:00 1966704                    /lib/x86_64-linux-gnu/libc-2.19.so
7f3d27fb3000-7f3d27fb5000 rw-p 001be000 fc:00 1966704                    /lib/x86_64-linux-gnu/libc-2.19.so
7f3d27fb5000-7f3d27fba000 rw-p 00000000 00:00 0 
7f3d27fba000-7f3d27fbd000 r-xp 00000000 fc:00 1963216                    /lib/x86_64-linux-gnu/libdl-2.19.so
7f3d27fbd000-7f3d281bc000 ---p 00003000 fc:00 1963216                    /lib/x86_64-linux-gnu/libdl-2.19.so
7f3d281bc000-7f3d281bd000 r--p 00002000 fc:00 1963216                    /lib/x86_64-linux-gnu/libdl-2.19.so
7f3d281bd000-7f3d281be000 rw-p 00003000 fc:00 1963216                    /lib/x86_64-linux-gnu/libdl-2.19.so
7f3d281be000-7f3d281d3000 r-xp 00000000 fc:00 409290                     /usr/lib/jvm/java-7-oracle/lib/amd64/jli/libjli.so
7f3d281d3000-7f3d283d2000 ---p 00015000 fc:00 409290                     /usr/lib/jvm/java-7-oracle/lib/amd64/jli/libjli.so
7f3d283d2000-7f3d283d3000 rw-p 00014000 fc:00 409290                     /usr/lib/jvm/java-7-oracle/lib/amd64/jli/libjli.so
7f3d283d3000-7f3d283ec000 r-xp 00000000 fc:00 1966705                    /lib/x86_64-linux-gnu/libpthread-2.19.so
7f3d283ec000-7f3d285eb000 ---p 00019000 fc:00 1966705                    /lib/x86_64-linux-gnu/libpthread-2.19.so
7f3d285eb000-7f3d285ec000 r--p 00018000 fc:00 1966705                    /lib/x86_64-linux-gnu/libpthread-2.19.so
7f3d285ec000-7f3d285ed000 rw-p 00019000 fc:00 1966705                    /lib/x86_64-linux-gnu/libpthread-2.19.so
7f3d285ed000-7f3d285f1000 rw-p 00000000 00:00 0 
7f3d285f1000-7f3d28614000 r-xp 00000000 fc:00 1966327                    /lib/x86_64-linux-gnu/ld-2.19.so
7f3d28621000-7f3d28641000 rw-p 00000000 00:00 0 
7f3d28641000-7f3d286f7000 rw-p 00000000 00:00 0 
7f3d286f7000-7f3d286fa000 ---p 00000000 00:00 0 
7f3d286fa000-7f3d287fc000 rw-p 00000000 00:00 0                          [stack:18665]
7f3d28806000-7f3d28807000 rw-p 00000000 00:00 0 
7f3d28807000-7f3d2880f000 rw-s 00000000 fc:00 2096324                    /tmp/hsperfdata_groupe-efrei/18661
7f3d2880f000-7f3d28810000 rw-p 00000000 00:00 0 
7f3d28810000-7f3d28811000 ---p 00000000 00:00 0 
7f3d28811000-7f3d28813000 rw-p 00000000 00:00 0 
7f3d28813000-7f3d28814000 r--p 00022000 fc:00 1966327                    /lib/x86_64-linux-gnu/ld-2.19.so
7f3d28814000-7f3d28815000 rw-p 00023000 fc:00 1966327                    /lib/x86_64-linux-gnu/ld-2.19.so
7f3d28815000-7f3d28816000 rw-p 00000000 00:00 0 
7ffe79dee000-7ffe79e10000 rw-p 00000000 00:00 0                          [stack]
7ffe79fca000-7ffe79fcc000 r-xp 00000000 00:00 0                          [vdso]
ffffffffff600000-ffffffffff601000 r-xp 00000000 00:00 0                  [vsyscall]

VM Arguments:
jvm_args: -Djava.awt.headless=true -Xmx1024M -Dfile.encoding=UTF-8 -Duser.country=US -Duser.language=en -Duser.variant 
java_command: com.android.dx.command.Main --dex --num-threads=4 --output /home/groupe-efrei/AndroidStudioProjects/ProjectTranMertz/app/build/intermediates/transforms/dex/debug/folders/1000/1f/main /home/groupe-efrei/AndroidStudioProjects/ProjectTranMertz/app/build/intermediates/pre-dexed/debug/support-annotations-23.1.1_07555fa6020b505470ee0c15a6bf650a37cd1b63.jar /home/groupe-efrei/AndroidStudioProjects/ProjectTranMertz/app/build/intermediates/pre-dexed/debug/debug_6dba428482ad8334ee32fc183c0c6c54e801b72e.jar /home/groupe-efrei/AndroidStudioProjects/ProjectTranMertz/app/build/intermediates/pre-dexed/debug/internal_impl-23.1.1_8b70f72449e6392590099987d3bc1091beab554c.jar /home/groupe-efrei/AndroidStudioProjects/ProjectTranMertz/app/build/intermediates/pre-dexed/debug/com.android.support-design-23.1.1_ca9daf1e90d3f328c656a1ca9862c97c61697623.jar /home/groupe-efrei/AndroidStudioProjects/ProjectTranMertz/app/build/intermediates/pre-dexed/debug/com.android.support-recyclerview-v7-23.1.1_fa54f12724b577e18f8cbb2358ff26b6fc5b2f32.jar /home/groupe-efrei/AndroidStudioProjects/ProjectTranMertz/app/build/intermediates/pre-dexed/debug/com.android.support-appcompat-v7-23.1.1_3a57b803b1b3c122d7ba9022c28273604f07637b.jar /home/groupe-efrei/AndroidStudioProjects/ProjectTranMertz/app/build/intermediates/pre-dexed/debug/com.android.support-support-v4-23.1.1_42f4313988f3380ad247d3b119c33ba4a3cf8155.jar
Launcher Type: SUN_STANDARD

Environment Variables:
JAVA_HOME=/usr/lib/jvm/java-7-oracle
PATH=/usr/local/sbin:/usr/local/bin:/usr/sbin:/usr/bin:/sbin:/bin:/usr/games:/usr/local/games:/usr/lib/jvm/java-7-oracle/bin:/usr/lib/jvm/java-7-oracle/db/bin:/usr/lib/jvm/java-7-oracle/jre/bin
LD_LIBRARY_PATH=/opt/android-studio/bin:
SHELL=/bin/bash
DISPLAY=:0.0

Signal Handlers:
SIGSEGV: [libjvm.so+0x9a3b20], sa_mask[0]=0x7ffbfeff, sa_flags=0x10000004
SIGBUS: [libjvm.so+0x9a3b20], sa_mask[0]=0x7ffbfeff, sa_flags=0x10000004
SIGFPE: [libjvm.so+0x81e740], sa_mask[0]=0x7ffbfeff, sa_flags=0x10000004
SIGPIPE: [libjvm.so+0x81e740], sa_mask[0]=0x7ffbfeff, sa_flags=0x10000004
SIGXFSZ: [libjvm.so+0x81e740], sa_mask[0]=0x7ffbfeff, sa_flags=0x10000004
SIGILL: [libjvm.so+0x81e740], sa_mask[0]=0x7ffbfeff, sa_flags=0x10000004
SIGUSR1: SIG_DFL, sa_mask[0]=0x00000000, sa_flags=0x00000000
SIGUSR2: [libjvm.so+0x81ffb0], sa_mask[0]=0x00000004, sa_flags=0x10000004
SIGHUP: [libjvm.so+0x8210d0], sa_mask[0]=0x7ffbfeff, sa_flags=0x10000004
SIGINT: [libjvm.so+0x8210d0], sa_mask[0]=0x7ffbfeff, sa_flags=0x10000004
SIGTERM: [libjvm.so+0x8210d0], sa_mask[0]=0x7ffbfeff, sa_flags=0x10000004
SIGQUIT: [libjvm.so+0x8210d0], sa_mask[0]=0x7ffbfeff, sa_flags=0x10000004


---------------  S Y S T E M  ---------------

OS:jessie/sid

uname:Linux 3.13.0-76-generic #120-Ubuntu SMP Mon Jan 18 15:59:10 UTC 2016 x86_64
libc:glibc 2.19 NPTL 2.19 
rlimit: STACK 8192k, CORE 0k, NPROC 47527, NOFILE 4096, AS infinity
load average:2,27 1,83 1,68

/proc/meminfo:
MemTotal:        6105832 kB
MemFree:          112560 kB
Buffers:             460 kB
Cached:            37832 kB
SwapCached:            0 kB
Active:          3910264 kB
Inactive:          30832 kB
Active(anon):    3904908 kB
Inactive(anon):    24876 kB
Active(file):       5356 kB
Inactive(file):     5956 kB
Unevictable:           0 kB
Mlocked:               0 kB
SwapTotal:             0 kB
SwapFree:              0 kB
Dirty:               268 kB
Writeback:             0 kB
AnonPages:       3902900 kB
Mapped:            33432 kB
Shmem:             26884 kB
Slab:              89892 kB
SReclaimable:      29476 kB
SUnreclaim:        60416 kB
KernelStack:        5872 kB
PageTables:        32112 kB
NFS_Unstable:          0 kB
Bounce:                0 kB
WritebackTmp:          0 kB
CommitLimit:     3052916 kB
Committed_AS:    7694360 kB
VmallocTotal:   34359738367 kB
VmallocUsed:      182084 kB
VmallocChunk:   34359495668 kB
HardwareCorrupted:     0 kB
AnonHugePages:   1703936 kB
HugePages_Total:       0
HugePages_Free:        0
HugePages_Rsvd:        0
HugePages_Surp:        0
Hugepagesize:       2048 kB
DirectMap4k:       67456 kB
DirectMap2M:     6223872 kB


CPU:total 2 (1 cores per cpu, 1 threads per core) family 6 model 58 stepping 9, cmov, cx8, fxsr, mmx, sse, sse2, sse3, ssse3, sse4.1, sse4.2, popcnt, avx, aes, erms, tsc, tscinvbit, tscinv

/proc/cpuinfo:
processor	: 0
vendor_id	: GenuineIntel
cpu family	: 6
model		: 58
model name	: Intel(R) Core(TM) i5-3470 CPU @ 3.20GHz
stepping	: 9
microcode	: 0x1b
cpu MHz		: 3192.870
cache size	: 6144 KB
physical id	: 0
siblings	: 1
core id		: 0
cpu cores	: 1
apicid		: 0
initial apicid	: 0
fpu		: yes
fpu_exception	: yes
cpuid level	: 13
wp		: yes
flags		: fpu vme de pse tsc msr pae mce cx8 apic sep mtrr pge mca cmov pat pse36 clflush dts mmx fxsr sse sse2 ss syscall nx rdtscp lm constant_tsc arch_perfmon pebs bts nopl xtopology tsc_reliable nonstop_tsc aperfmperf eagerfpu pni pclmulqdq vmx ssse3 cx16 pcid sse4_1 sse4_2 x2apic popcnt aes xsave avx f16c rdrand hypervisor lahf_lm ida arat epb xsaveopt pln pts dtherm tpr_shadow vnmi ept vpid fsgsbase smep
bogomips	: 6385.74
clflush size	: 64
cache_alignment	: 64
address sizes	: 40 bits physical, 48 bits virtual
power management:

processor	: 1
vendor_id	: GenuineIntel
cpu family	: 6
model		: 58
model name	: Intel(R) Core(TM) i5-3470 CPU @ 3.20GHz
stepping	: 9
microcode	: 0x1b
cpu MHz		: 3192.870
cache size	: 6144 KB
physical id	: 2
siblings	: 1
core id		: 0
cpu cores	: 1
apicid		: 2
initial apicid	: 2
fpu		: yes
fpu_exception	: yes
cpuid level	: 13
wp		: yes
flags		: fpu vme de pse tsc msr pae mce cx8 apic sep mtrr pge mca cmov pat pse36 clflush dts mmx fxsr sse sse2 ss syscall nx rdtscp lm constant_tsc arch_perfmon pebs bts nopl xtopology tsc_reliable nonstop_tsc aperfmperf eagerfpu pni pclmulqdq vmx ssse3 cx16 pcid sse4_1 sse4_2 x2apic popcnt aes xsave avx f16c rdrand hypervisor lahf_lm ida arat epb xsaveopt pln pts dtherm tpr_shadow vnmi ept vpid fsgsbase smep
bogomips	: 6385.74
clflush size	: 64
cache_alignment	: 64
address sizes	: 40 bits physical, 48 bits virtual
power management:



Memory: 4k page, physical 6105832k(112560k free), swap 0k(0k free)

vm_info: Java HotSpot(TM) 64-Bit Server VM (24.80-b11) for linux-amd64 JRE (1.7.0_80-b15), built on Apr 10 2015 19:53:14 by "java_re" with gcc 4.3.0 20080428 (Red Hat 4.3.0-8)

time: Fri Apr  8 18:45:37 2016
elapsed time: 3 seconds

